Determining if the pthread_create exist failed with the following output:
Change Dir: /home/bepartofyou/work/av/ffmpeg/mlt/melt/20171222/bin/glfw/build/CMakeFiles/CMakeTmp

Run Build Command:/usr/bin/gmake "cmTryCompileExec4089636657/fast"
/usr/bin/gmake -f CMakeFiles/cmTryCompileExec4089636657.dir/build.make CMakeFiles/cmTryCompileExec4089636657.dir/build
gmake[1]: Entering directory `/home/bepartofyou/work/av/ffmpeg/mlt/melt/20171222/bin/glfw/build/CMakeFiles/CMakeTmp'
/usr/bin/cmake -E cmake_progress_report /home/bepartofyou/work/av/ffmpeg/mlt/melt/20171222/bin/glfw/build/CMakeFiles/CMakeTmp/CMakeFiles 1
Building C object CMakeFiles/cmTryCompileExec4089636657.dir/CheckSymbolExists.c.o
/usr/bin/cc    -o CMakeFiles/cmTryCompileExec4089636657.dir/CheckSymbolExists.c.o   -c /home/bepartofyou/work/av/ffmpeg/mlt/melt/20171222/bin/glfw/build/CMakeFiles/CMakeTmp/CheckSymbolExists.c
Linking C executable cmTryCompileExec4089636657
/usr/bin/cmake -E cmake_link_script CMakeFiles/cmTryCompileExec4089636657.dir/link.txt --verbose=1
/usr/bin/cc       CMakeFiles/cmTryCompileExec4089636657.dir/CheckSymbolExists.c.o  -o cmTryCompileExec4089636657 -rdynamic 
CMakeFiles/cmTryCompileExec4089636657.dir/CheckSymbolExists.c.o: In function `main':
CheckSymbolExists.c:(.text+0x16): undefined reference to `pthread_create'
collect2: error: ld returned 1 exit status
gmake[1]: Leaving directory `/home/bepartofyou/work/av/ffmpeg/mlt/melt/20171222/bin/glfw/build/CMakeFiles/CMakeTmp'
gmake[1]: *** [cmTryCompileExec4089636657] Error 1
gmake: *** [cmTryCompileExec4089636657/fast] Error 2

File /home/bepartofyou/work/av/ffmpeg/mlt/melt/20171222/bin/glfw/build/CMakeFiles/CMakeTmp/CheckSymbolExists.c:
/* */
#include <pthread.h>

int main(int argc, char** argv)
{
  (void)argv;
#ifndef pthread_create
  return ((int*)(&pthread_create))[argc];
#else
  (void)argc;
  return 0;
#endif
}

Determining if the function pthread_create exists in the pthreads failed with the following output:
Change Dir: /home/bepartofyou/work/av/ffmpeg/mlt/melt/20171222/bin/glfw/build/CMakeFiles/CMakeTmp

Run Build Command:/usr/bin/gmake "cmTryCompileExec1659124172/fast"
/usr/bin/gmake -f CMakeFiles/cmTryCompileExec1659124172.dir/build.make CMakeFiles/cmTryCompileExec1659124172.dir/build
gmake[1]: Entering directory `/home/bepartofyou/work/av/ffmpeg/mlt/melt/20171222/bin/glfw/build/CMakeFiles/CMakeTmp'
/usr/bin/cmake -E cmake_progress_report /home/bepartofyou/work/av/ffmpeg/mlt/melt/20171222/bin/glfw/build/CMakeFiles/CMakeTmp/CMakeFiles 1
Building C object CMakeFiles/cmTryCompileExec1659124172.dir/CheckFunctionExists.c.o
/usr/bin/cc   -DCHECK_FUNCTION_EXISTS=pthread_create   -o CMakeFiles/cmTryCompileExec1659124172.dir/CheckFunctionExists.c.o   -c /usr/share/cmake/Modules/CheckFunctionExists.c
Linking C executable cmTryCompileExec1659124172
/usr/bin/cmake -E cmake_link_script CMakeFiles/cmTryCompileExec1659124172.dir/link.txt --verbose=1
/usr/bin/cc   -DCHECK_FUNCTION_EXISTS=pthread_create    CMakeFiles/cmTryCompileExec1659124172.dir/CheckFunctionExists.c.o  -o cmTryCompileExec1659124172 -rdynamic -lpthreads 
/usr/bin/ld: cannot find -lpthreads
collect2: error: ld returned 1 exit status
gmake[1]: *** [cmTryCompileExec1659124172] Error 1
gmake[1]: Leaving directory `/home/bepartofyou/work/av/ffmpeg/mlt/melt/20171222/bin/glfw/build/CMakeFiles/CMakeTmp'
gmake: *** [cmTryCompileExec1659124172/fast] Error 2


